<?xml version="1.0" encoding="UTF-8"?>
<testng-results skipped="0" failed="0" total="1" passed="1">
  <reporter-output>
  </reporter-output>
  <suite name="com.softserve.test.pt.tests.PetitionSearchTest" duration-ms="8225" started-at="2016-02-10T13:23:58Z" finished-at="2016-02-10T13:24:07Z">
    <groups>
    </groups>
    <test name="Command line test" duration-ms="8225" started-at="2016-02-10T13:23:58Z" finished-at="2016-02-10T13:24:07Z">
      <class name="com.softserve.test.pt.tests.PetitionSearchTest">
        <test-method status="PASS" signature="oneTimeSetUp()[pri:0, instance:com.softserve.test.pt.tests.PetitionSearchTest@737996a0]" name="oneTimeSetUp" is-config="true" duration-ms="11" started-at="2016-02-10T15:23:58Z" finished-at="2016-02-10T15:23:58Z">
          <reporter-output>
          </reporter-output>
        </test-method> <!-- oneTimeSetUp -->
        <test-method status="PASS" signature="test1()[pri:0, instance:com.softserve.test.pt.tests.PetitionSearchTest@737996a0]" name="test1" duration-ms="8207" started-at="2016-02-10T15:23:58Z" finished-at="2016-02-10T15:24:07Z">
          <reporter-output>
          </reporter-output>
        </test-method> <!-- test1 -->
      </class> <!-- com.softserve.test.pt.tests.PetitionSearchTest -->
    </test> <!-- Command line test -->
  </suite> <!-- com.softserve.test.pt.tests.PetitionSearchTest -->
</testng-results>
